[2025-02-17 10:22:05Z INFO HostContext] No proxy settings were found based on environmental variables (http_proxy/https_proxy/HTTP_PROXY/HTTPS_PROXY)
[2025-02-17 10:22:05Z INFO HostContext] Well known directory 'Bin': '/Users/michaelmcgowan/projects/auth-service/actions-runner/bin'
[2025-02-17 10:22:05Z INFO HostContext] Well known directory 'Root': '/Users/michaelmcgowan/projects/auth-service/actions-runner'
[2025-02-17 10:22:05Z INFO HostContext] Well known config file 'Credentials': '/Users/michaelmcgowan/projects/auth-service/actions-runner/.credentials'
[2025-02-17 10:22:05Z INFO HostContext] Well known directory 'Bin': '/Users/michaelmcgowan/projects/auth-service/actions-runner/bin'
[2025-02-17 10:22:05Z INFO HostContext] Well known directory 'Root': '/Users/michaelmcgowan/projects/auth-service/actions-runner'
[2025-02-17 10:22:05Z INFO HostContext] Well known config file 'Runner': '/Users/michaelmcgowan/projects/auth-service/actions-runner/.runner'
[2025-02-17 10:22:05Z INFO Listener] Runner is built for OSX (X64) - osx-x64.
[2025-02-17 10:22:05Z INFO Listener] RuntimeInformation: Darwin 24.3.0 Darwin Kernel Version 24.3.0: Thu Jan  2 20:22:00 PST 2025; root:xnu-11215.81.4~3/RELEASE_X86_64.
[2025-02-17 10:22:05Z INFO Listener] Version: 2.322.0
[2025-02-17 10:22:05Z INFO Listener] Commit: 0edc478ca75d0a753dcbcec7405f3f26db67b1ac
[2025-02-17 10:22:05Z INFO Listener] Culture: en-GB
[2025-02-17 10:22:05Z INFO Listener] UI Culture: en-GB
[2025-02-17 10:22:05Z INFO HostContext] Well known directory 'Bin': '/Users/michaelmcgowan/projects/auth-service/actions-runner/bin'
[2025-02-17 10:22:05Z INFO HostContext] Well known directory 'Root': '/Users/michaelmcgowan/projects/auth-service/actions-runner'
[2025-02-17 10:22:05Z INFO Listener] Validating directory permissions for: '/Users/michaelmcgowan/projects/auth-service/actions-runner'
[2025-02-17 10:22:05Z INFO CommandLineParser] Parse
[2025-02-17 10:22:05Z INFO CommandLineParser] Parsing 1 args
[2025-02-17 10:22:05Z INFO CommandLineParser] parsing argument
[2025-02-17 10:22:05Z INFO CommandLineParser] HasArgs: False
[2025-02-17 10:22:05Z INFO CommandLineParser] Adding Command: run
[2025-02-17 10:22:05Z INFO Listener] Arguments parsed
[2025-02-17 10:22:06Z INFO Runner] ExecuteCommand
[2025-02-17 10:22:06Z INFO ConfigurationStore] currentAssemblyLocation: /Users/michaelmcgowan/projects/auth-service/actions-runner/bin/Runner.Listener.dll
[2025-02-17 10:22:06Z INFO HostContext] Well known directory 'Bin': '/Users/michaelmcgowan/projects/auth-service/actions-runner/bin'
[2025-02-17 10:22:06Z INFO ConfigurationStore] binPath: /Users/michaelmcgowan/projects/auth-service/actions-runner/bin
[2025-02-17 10:22:06Z INFO HostContext] Well known directory 'Bin': '/Users/michaelmcgowan/projects/auth-service/actions-runner/bin'
[2025-02-17 10:22:06Z INFO HostContext] Well known directory 'Root': '/Users/michaelmcgowan/projects/auth-service/actions-runner'
[2025-02-17 10:22:06Z INFO ConfigurationStore] RootFolder: /Users/michaelmcgowan/projects/auth-service/actions-runner
[2025-02-17 10:22:06Z INFO HostContext] Well known directory 'Bin': '/Users/michaelmcgowan/projects/auth-service/actions-runner/bin'
[2025-02-17 10:22:06Z INFO HostContext] Well known directory 'Root': '/Users/michaelmcgowan/projects/auth-service/actions-runner'
[2025-02-17 10:22:06Z INFO HostContext] Well known config file 'Runner': '/Users/michaelmcgowan/projects/auth-service/actions-runner/.runner'
[2025-02-17 10:22:06Z INFO ConfigurationStore] ConfigFilePath: /Users/michaelmcgowan/projects/auth-service/actions-runner/.runner
[2025-02-17 10:22:06Z INFO HostContext] Well known directory 'Bin': '/Users/michaelmcgowan/projects/auth-service/actions-runner/bin'
[2025-02-17 10:22:06Z INFO HostContext] Well known directory 'Root': '/Users/michaelmcgowan/projects/auth-service/actions-runner'
[2025-02-17 10:22:06Z INFO HostContext] Well known config file 'Credentials': '/Users/michaelmcgowan/projects/auth-service/actions-runner/.credentials'
[2025-02-17 10:22:06Z INFO ConfigurationStore] CredFilePath: /Users/michaelmcgowan/projects/auth-service/actions-runner/.credentials
[2025-02-17 10:22:06Z INFO HostContext] Well known directory 'Bin': '/Users/michaelmcgowan/projects/auth-service/actions-runner/bin'
[2025-02-17 10:22:06Z INFO HostContext] Well known directory 'Root': '/Users/michaelmcgowan/projects/auth-service/actions-runner'
[2025-02-17 10:22:06Z INFO HostContext] Well known config file 'MigratedCredentials': '/Users/michaelmcgowan/projects/auth-service/actions-runner/.credentials_migrated'
[2025-02-17 10:22:06Z INFO ConfigurationStore] MigratedCredFilePath: /Users/michaelmcgowan/projects/auth-service/actions-runner/.credentials_migrated
[2025-02-17 10:22:06Z INFO HostContext] Well known directory 'Bin': '/Users/michaelmcgowan/projects/auth-service/actions-runner/bin'
[2025-02-17 10:22:06Z INFO HostContext] Well known directory 'Root': '/Users/michaelmcgowan/projects/auth-service/actions-runner'
[2025-02-17 10:22:06Z INFO HostContext] Well known config file 'Service': '/Users/michaelmcgowan/projects/auth-service/actions-runner/.service'
[2025-02-17 10:22:06Z INFO ConfigurationStore] ServiceConfigFilePath: /Users/michaelmcgowan/projects/auth-service/actions-runner/.service
[2025-02-17 10:22:06Z INFO CommandSettings] Flag 'help': 'False'
[2025-02-17 10:22:06Z INFO CommandSettings] Flag 'version': 'False'
[2025-02-17 10:22:06Z INFO CommandSettings] Flag 'commit': 'False'
[2025-02-17 10:22:06Z INFO CommandSettings] Flag 'check': 'False'
[2025-02-17 10:22:06Z INFO CommandSettings] Command 'configure': 'False'
[2025-02-17 10:22:06Z INFO CommandSettings] Command 'remove': 'False'
[2025-02-17 10:22:06Z INFO CommandSettings] Command 'warmup': 'False'
[2025-02-17 10:22:06Z INFO ConfigurationManager] LoadSettings
[2025-02-17 10:22:06Z INFO ConfigurationStore] IsConfigured()
[2025-02-17 10:22:06Z INFO ConfigurationStore] IsConfigured: True
[2025-02-17 10:22:06Z INFO ConfigurationManager] Is configured: True
[2025-02-17 10:22:06Z INFO ConfigurationStore] Read setting file: 303 chars
[2025-02-17 10:22:06Z INFO ConfigurationManager] Settings Loaded
[2025-02-17 10:22:06Z INFO ConfigurationStore] IsServiceConfigured()
[2025-02-17 10:22:06Z INFO ConfigurationStore] IsServiceConfigured: False
[2025-02-17 10:22:06Z INFO CommandSettings] Command 'run': 'True'
[2025-02-17 10:22:06Z INFO ConfigurationStore] IsConfigured()
[2025-02-17 10:22:06Z INFO ConfigurationStore] IsConfigured: True
[2025-02-17 10:22:06Z INFO ConfigurationManager] Is configured: True
[2025-02-17 10:22:06Z INFO Runner] Could not parse the argument value '' for StartupType. Defaulting to Manual
[2025-02-17 10:22:06Z INFO Runner] Set runner startup type - Manual
[2025-02-17 10:22:06Z INFO CommandSettings] Flag 'once': 'False'
[2025-02-17 10:22:06Z INFO CommandSettings] Flag 'once': 'False'
[2025-02-17 10:22:06Z INFO Runner] RunAsync
[2025-02-17 10:22:06Z INFO ConfigurationManager] LoadSettings
[2025-02-17 10:22:06Z INFO ConfigurationStore] IsConfigured()
[2025-02-17 10:22:06Z INFO ConfigurationStore] IsConfigured: True
[2025-02-17 10:22:06Z INFO ConfigurationManager] Is configured: True
[2025-02-17 10:22:06Z INFO ConfigurationManager] Settings Loaded
[2025-02-17 10:22:06Z INFO MessageListener] {
  "AgentId": 2,
  "AgentName": "Michaels-MBP",
  "PoolId": 1,
  "PoolName": "Default",
  "ServerUrl": "https://pipelinesghubeus15.actions.githubusercontent.com/pr0lkkoxdUiU4hTo2LEJF6AvTthvz18pjdQJCrx01ju83ymRjz/",
  "GitHubUrl": "https://github.com/MickeyMcGoo/auth-service",
  "WorkFolder": "_work"
}
[2025-02-17 10:22:06Z INFO MessageListener] Loading Credentials
[2025-02-17 10:22:06Z INFO ConfigurationStore] HasCredentials()
[2025-02-17 10:22:06Z INFO ConfigurationStore] stored True
[2025-02-17 10:22:06Z INFO CredentialManager] GetCredentialProvider
[2025-02-17 10:22:06Z INFO CredentialManager] Creating type OAuth
[2025-02-17 10:22:06Z INFO CredentialManager] Creating credential type: OAuth
[2025-02-17 10:22:06Z INFO HostContext] Well known directory 'Bin': '/Users/michaelmcgowan/projects/auth-service/actions-runner/bin'
[2025-02-17 10:22:06Z INFO HostContext] Well known directory 'Root': '/Users/michaelmcgowan/projects/auth-service/actions-runner'
[2025-02-17 10:22:06Z INFO HostContext] Well known config file 'RSACredentials': '/Users/michaelmcgowan/projects/auth-service/actions-runner/.credentials_rsaparams'
[2025-02-17 10:22:06Z INFO RSAFileKeyManager] Loading RSA key parameters from file /Users/michaelmcgowan/projects/auth-service/actions-runner/.credentials_rsaparams
[2025-02-17 10:22:06Z INFO MessageListener] Attempt to create session.
[2025-02-17 10:22:06Z INFO MessageListener] Connecting to the Runner Server...
[2025-02-17 10:22:06Z INFO RunnerServer] EstablishVssConnection
[2025-02-17 10:22:06Z INFO RunnerServer] Establish connection with 100 seconds timeout.
[2025-02-17 10:22:06Z INFO GitHubActionsService] Starting operation Location.GetConnectionData
[2025-02-17 10:22:06Z INFO RunnerServer] EstablishVssConnection
[2025-02-17 10:22:06Z INFO RunnerServer] Establish connection with 60 seconds timeout.
[2025-02-17 10:22:06Z INFO GitHubActionsService] Starting operation Location.GetConnectionData
[2025-02-17 10:22:06Z INFO RunnerServer] EstablishVssConnection
[2025-02-17 10:22:06Z INFO RunnerServer] Establish connection with 60 seconds timeout.
[2025-02-17 10:22:06Z INFO GitHubActionsService] Starting operation Location.GetConnectionData
[2025-02-17 10:22:06Z INFO GitHubActionsService] Finished operation Location.GetConnectionData
[2025-02-17 10:22:06Z INFO GitHubActionsService] Finished operation Location.GetConnectionData
[2025-02-17 10:22:06Z INFO GitHubActionsService] Finished operation Location.GetConnectionData
[2025-02-17 10:22:06Z INFO MessageListener] VssConnection created
[2025-02-17 10:22:06Z INFO Terminal] WRITE LINE: 
[2025-02-17 10:22:06Z INFO Terminal] WRITE LINE: 
[2025-02-17 10:22:07Z INFO RSAFileKeyManager] Loading RSA key parameters from file /Users/michaelmcgowan/projects/auth-service/actions-runner/.credentials_rsaparams
[2025-02-17 10:22:07Z INFO RSAFileKeyManager] Loading RSA key parameters from file /Users/michaelmcgowan/projects/auth-service/actions-runner/.credentials_rsaparams
[2025-02-17 10:22:07Z INFO GitHubActionsService] AAD Correlation ID for this token request: Unknown
[2025-02-17 10:22:07Z INFO MessageListener] Session created.
[2025-02-17 10:22:07Z INFO Terminal] WRITE LINE: Current runner version: '2.322.0'
[2025-02-17 10:22:07Z INFO Terminal] WRITE LINE: 2025-02-17 10:22:07Z: Listening for Jobs
[2025-02-17 10:22:07Z INFO JobDispatcher] Set runner/worker IPC timeout to 30 seconds.
[2025-02-17 10:22:08Z INFO RSAFileKeyManager] Loading RSA key parameters from file /Users/michaelmcgowan/projects/auth-service/actions-runner/.credentials_rsaparams
[2025-02-17 10:22:08Z INFO GitHubActionsService] AAD Correlation ID for this token request: Unknown
