[2025-02-17 10:44:13Z INFO HostContext] No proxy settings were found based on environmental variables (http_proxy/https_proxy/HTTP_PROXY/HTTPS_PROXY)
[2025-02-17 10:44:13Z INFO HostContext] Well known directory 'Bin': '/Users/michaelmcgowan/projects/auth-service/actions-runner/bin'
[2025-02-17 10:44:13Z INFO HostContext] Well known directory 'Root': '/Users/michaelmcgowan/projects/auth-service/actions-runner'
[2025-02-17 10:44:13Z INFO HostContext] Well known config file 'Credentials': '/Users/michaelmcgowan/projects/auth-service/actions-runner/.credentials'
[2025-02-17 10:44:14Z INFO HostContext] Well known directory 'Bin': '/Users/michaelmcgowan/projects/auth-service/actions-runner/bin'
[2025-02-17 10:44:14Z INFO HostContext] Well known directory 'Root': '/Users/michaelmcgowan/projects/auth-service/actions-runner'
[2025-02-17 10:44:14Z INFO HostContext] Well known config file 'Runner': '/Users/michaelmcgowan/projects/auth-service/actions-runner/.runner'
[2025-02-17 10:44:14Z INFO Listener] Runner is built for OSX (X64) - osx-x64.
[2025-02-17 10:44:14Z INFO Listener] RuntimeInformation: Darwin 24.3.0 Darwin Kernel Version 24.3.0: Thu Jan  2 20:22:00 PST 2025; root:xnu-11215.81.4~3/RELEASE_X86_64.
[2025-02-17 10:44:14Z INFO Listener] Version: 2.322.0
[2025-02-17 10:44:14Z INFO Listener] Commit: 0edc478ca75d0a753dcbcec7405f3f26db67b1ac
[2025-02-17 10:44:14Z INFO Listener] Culture: en-GB
[2025-02-17 10:44:14Z INFO Listener] UI Culture: en-GB
[2025-02-17 10:44:14Z INFO HostContext] Well known directory 'Bin': '/Users/michaelmcgowan/projects/auth-service/actions-runner/bin'
[2025-02-17 10:44:14Z INFO HostContext] Well known directory 'Root': '/Users/michaelmcgowan/projects/auth-service/actions-runner'
[2025-02-17 10:44:14Z INFO Listener] Validating directory permissions for: '/Users/michaelmcgowan/projects/auth-service/actions-runner'
[2025-02-17 10:44:14Z INFO CommandLineParser] Parse
[2025-02-17 10:44:14Z INFO CommandLineParser] Parsing 1 args
[2025-02-17 10:44:14Z INFO CommandLineParser] parsing argument
[2025-02-17 10:44:14Z INFO CommandLineParser] HasArgs: False
[2025-02-17 10:44:14Z INFO CommandLineParser] Adding Command: run
[2025-02-17 10:44:14Z INFO Listener] Arguments parsed
[2025-02-17 10:44:14Z INFO Runner] ExecuteCommand
[2025-02-17 10:44:14Z INFO ConfigurationStore] currentAssemblyLocation: /Users/michaelmcgowan/projects/auth-service/actions-runner/bin/Runner.Listener.dll
[2025-02-17 10:44:14Z INFO HostContext] Well known directory 'Bin': '/Users/michaelmcgowan/projects/auth-service/actions-runner/bin'
[2025-02-17 10:44:14Z INFO ConfigurationStore] binPath: /Users/michaelmcgowan/projects/auth-service/actions-runner/bin
[2025-02-17 10:44:14Z INFO HostContext] Well known directory 'Bin': '/Users/michaelmcgowan/projects/auth-service/actions-runner/bin'
[2025-02-17 10:44:14Z INFO HostContext] Well known directory 'Root': '/Users/michaelmcgowan/projects/auth-service/actions-runner'
[2025-02-17 10:44:14Z INFO ConfigurationStore] RootFolder: /Users/michaelmcgowan/projects/auth-service/actions-runner
[2025-02-17 10:44:14Z INFO HostContext] Well known directory 'Bin': '/Users/michaelmcgowan/projects/auth-service/actions-runner/bin'
[2025-02-17 10:44:14Z INFO HostContext] Well known directory 'Root': '/Users/michaelmcgowan/projects/auth-service/actions-runner'
[2025-02-17 10:44:14Z INFO HostContext] Well known config file 'Runner': '/Users/michaelmcgowan/projects/auth-service/actions-runner/.runner'
[2025-02-17 10:44:14Z INFO ConfigurationStore] ConfigFilePath: /Users/michaelmcgowan/projects/auth-service/actions-runner/.runner
[2025-02-17 10:44:14Z INFO HostContext] Well known directory 'Bin': '/Users/michaelmcgowan/projects/auth-service/actions-runner/bin'
[2025-02-17 10:44:14Z INFO HostContext] Well known directory 'Root': '/Users/michaelmcgowan/projects/auth-service/actions-runner'
[2025-02-17 10:44:14Z INFO HostContext] Well known config file 'Credentials': '/Users/michaelmcgowan/projects/auth-service/actions-runner/.credentials'
[2025-02-17 10:44:14Z INFO ConfigurationStore] CredFilePath: /Users/michaelmcgowan/projects/auth-service/actions-runner/.credentials
[2025-02-17 10:44:14Z INFO HostContext] Well known directory 'Bin': '/Users/michaelmcgowan/projects/auth-service/actions-runner/bin'
[2025-02-17 10:44:14Z INFO HostContext] Well known directory 'Root': '/Users/michaelmcgowan/projects/auth-service/actions-runner'
[2025-02-17 10:44:14Z INFO HostContext] Well known config file 'MigratedCredentials': '/Users/michaelmcgowan/projects/auth-service/actions-runner/.credentials_migrated'
[2025-02-17 10:44:14Z INFO ConfigurationStore] MigratedCredFilePath: /Users/michaelmcgowan/projects/auth-service/actions-runner/.credentials_migrated
[2025-02-17 10:44:14Z INFO HostContext] Well known directory 'Bin': '/Users/michaelmcgowan/projects/auth-service/actions-runner/bin'
[2025-02-17 10:44:14Z INFO HostContext] Well known directory 'Root': '/Users/michaelmcgowan/projects/auth-service/actions-runner'
[2025-02-17 10:44:14Z INFO HostContext] Well known config file 'Service': '/Users/michaelmcgowan/projects/auth-service/actions-runner/.service'
[2025-02-17 10:44:14Z INFO ConfigurationStore] ServiceConfigFilePath: /Users/michaelmcgowan/projects/auth-service/actions-runner/.service
[2025-02-17 10:44:14Z INFO CommandSettings] Flag 'help': 'False'
[2025-02-17 10:44:14Z INFO CommandSettings] Flag 'version': 'False'
[2025-02-17 10:44:14Z INFO CommandSettings] Flag 'commit': 'False'
[2025-02-17 10:44:14Z INFO CommandSettings] Flag 'check': 'False'
[2025-02-17 10:44:14Z INFO CommandSettings] Command 'configure': 'False'
[2025-02-17 10:44:14Z INFO CommandSettings] Command 'remove': 'False'
[2025-02-17 10:44:14Z INFO CommandSettings] Command 'warmup': 'False'
[2025-02-17 10:44:14Z INFO ConfigurationManager] LoadSettings
[2025-02-17 10:44:14Z INFO ConfigurationStore] IsConfigured()
[2025-02-17 10:44:14Z INFO ConfigurationStore] IsConfigured: True
[2025-02-17 10:44:14Z INFO ConfigurationManager] Is configured: True
[2025-02-17 10:44:14Z INFO ConfigurationStore] Read setting file: 303 chars
[2025-02-17 10:44:14Z INFO ConfigurationManager] Settings Loaded
[2025-02-17 10:44:14Z INFO ConfigurationStore] IsServiceConfigured()
[2025-02-17 10:44:14Z INFO ConfigurationStore] IsServiceConfigured: False
[2025-02-17 10:44:14Z INFO CommandSettings] Command 'run': 'True'
[2025-02-17 10:44:14Z INFO ConfigurationStore] IsConfigured()
[2025-02-17 10:44:14Z INFO ConfigurationStore] IsConfigured: True
[2025-02-17 10:44:14Z INFO ConfigurationManager] Is configured: True
[2025-02-17 10:44:14Z INFO Runner] Could not parse the argument value '' for StartupType. Defaulting to Manual
[2025-02-17 10:44:14Z INFO Runner] Set runner startup type - Manual
[2025-02-17 10:44:14Z INFO CommandSettings] Flag 'once': 'False'
[2025-02-17 10:44:14Z INFO CommandSettings] Flag 'once': 'False'
[2025-02-17 10:44:14Z INFO Runner] RunAsync
[2025-02-17 10:44:14Z INFO ConfigurationManager] LoadSettings
[2025-02-17 10:44:14Z INFO ConfigurationStore] IsConfigured()
[2025-02-17 10:44:14Z INFO ConfigurationStore] IsConfigured: True
[2025-02-17 10:44:14Z INFO ConfigurationManager] Is configured: True
[2025-02-17 10:44:14Z INFO ConfigurationManager] Settings Loaded
[2025-02-17 10:44:14Z INFO MessageListener] {
  "AgentId": 2,
  "AgentName": "Michaels-MBP",
  "PoolId": 1,
  "PoolName": "Default",
  "ServerUrl": "https://pipelinesghubeus15.actions.githubusercontent.com/pr0lkkoxdUiU4hTo2LEJF6AvTthvz18pjdQJCrx01ju83ymRjz/",
  "GitHubUrl": "https://github.com/MickeyMcGoo/auth-service",
  "WorkFolder": "_work"
}
[2025-02-17 10:44:14Z INFO MessageListener] Loading Credentials
[2025-02-17 10:44:14Z INFO ConfigurationStore] HasCredentials()
[2025-02-17 10:44:14Z INFO ConfigurationStore] stored True
[2025-02-17 10:44:14Z INFO CredentialManager] GetCredentialProvider
[2025-02-17 10:44:14Z INFO CredentialManager] Creating type OAuth
[2025-02-17 10:44:14Z INFO CredentialManager] Creating credential type: OAuth
[2025-02-17 10:44:14Z INFO HostContext] Well known directory 'Bin': '/Users/michaelmcgowan/projects/auth-service/actions-runner/bin'
[2025-02-17 10:44:14Z INFO HostContext] Well known directory 'Root': '/Users/michaelmcgowan/projects/auth-service/actions-runner'
[2025-02-17 10:44:14Z INFO HostContext] Well known config file 'RSACredentials': '/Users/michaelmcgowan/projects/auth-service/actions-runner/.credentials_rsaparams'
[2025-02-17 10:44:14Z INFO RSAFileKeyManager] Loading RSA key parameters from file /Users/michaelmcgowan/projects/auth-service/actions-runner/.credentials_rsaparams
[2025-02-17 10:44:14Z INFO MessageListener] Attempt to create session.
[2025-02-17 10:44:14Z INFO MessageListener] Connecting to the Runner Server...
[2025-02-17 10:44:14Z INFO RunnerServer] EstablishVssConnection
[2025-02-17 10:44:14Z INFO RunnerServer] Establish connection with 100 seconds timeout.
[2025-02-17 10:44:14Z INFO GitHubActionsService] Starting operation Location.GetConnectionData
[2025-02-17 10:44:14Z INFO RunnerServer] EstablishVssConnection
[2025-02-17 10:44:14Z INFO RunnerServer] Establish connection with 60 seconds timeout.
[2025-02-17 10:44:14Z INFO GitHubActionsService] Starting operation Location.GetConnectionData
[2025-02-17 10:44:14Z INFO RunnerServer] EstablishVssConnection
[2025-02-17 10:44:14Z INFO RunnerServer] Establish connection with 60 seconds timeout.
[2025-02-17 10:44:14Z INFO GitHubActionsService] Starting operation Location.GetConnectionData
[2025-02-17 10:44:14Z INFO GitHubActionsService] Finished operation Location.GetConnectionData
[2025-02-17 10:44:14Z INFO GitHubActionsService] Finished operation Location.GetConnectionData
[2025-02-17 10:44:14Z INFO GitHubActionsService] Finished operation Location.GetConnectionData
[2025-02-17 10:44:15Z INFO MessageListener] VssConnection created
[2025-02-17 10:44:15Z INFO Terminal] WRITE LINE: 
[2025-02-17 10:44:15Z INFO Terminal] WRITE LINE: 
[2025-02-17 10:44:15Z INFO RSAFileKeyManager] Loading RSA key parameters from file /Users/michaelmcgowan/projects/auth-service/actions-runner/.credentials_rsaparams
[2025-02-17 10:44:15Z INFO RSAFileKeyManager] Loading RSA key parameters from file /Users/michaelmcgowan/projects/auth-service/actions-runner/.credentials_rsaparams
[2025-02-17 10:44:15Z INFO GitHubActionsService] AAD Correlation ID for this token request: Unknown
[2025-02-17 10:44:15Z ERR  GitHubActionsService] POST request to https://pipelinesghubeus15.actions.githubusercontent.com/pr0lkkoxdUiU4hTo2LEJF6AvTthvz18pjdQJCrx01ju83ymRjz/_apis/distributedtask/pools/1/sessions failed. HTTP Status: Conflict
[2025-02-17 10:44:15Z ERR  MessageListener] Catch exception during create session.
[2025-02-17 10:44:17Z ERR  MessageListener] GitHub.DistributedTask.WebApi.TaskAgentSessionConflictException: The actions runner Michaels-MBP already has an active session.
   at GitHub.Services.WebApi.VssHttpClientBase.HandleResponseAsync(HttpResponseMessage response, CancellationToken cancellationToken)
   at GitHub.Services.WebApi.VssHttpClientBase.SendAsync(HttpRequestMessage message, HttpCompletionOption completionOption, Object userState, CancellationToken cancellationToken)
   at GitHub.Services.WebApi.VssHttpClientBase.SendAsync[T](HttpRequestMessage message, Object userState, CancellationToken cancellationToken)
   at GitHub.Services.WebApi.VssHttpClientBase.SendAsync[T](HttpMethod method, IEnumerable`1 additionalHeaders, Guid locationId, Object routeValues, ApiResourceVersion version, HttpContent content, IEnumerable`1 queryParameters, Object userState, CancellationToken cancellationToken)
   at GitHub.Runner.Listener.MessageListener.CreateSessionAsync(CancellationToken token)
[2025-02-17 10:44:17Z INFO MessageListener] The session for this runner already exists.
[2025-02-17 10:44:17Z ERR  Terminal] WRITE ERROR: A session for this runner already exists.
[2025-02-17 10:44:17Z INFO MessageListener] The session conflict exception haven't reached retry limit.
[2025-02-17 10:44:17Z ERR  Terminal] WRITE ERROR: 2025-02-17 10:44:17Z: Runner connect error: The actions runner Michaels-MBP already has an active session.. Retrying until reconnected.
[2025-02-17 10:44:17Z INFO MessageListener] Sleeping for 30 seconds before retrying.
[2025-02-17 10:44:26Z INFO Terminal] WRITE LINE: Exiting...
[2025-02-17 10:44:26Z INFO ConfigurationStore] IsServiceConfigured()
[2025-02-17 10:44:26Z INFO ConfigurationStore] IsServiceConfigured: False
[2025-02-17 10:44:26Z INFO HostContext] Runner will be shutdown for UserCancelled
[2025-02-17 10:44:26Z INFO Listener] Runner execution been cancelled.
